  전투 시뮬레이션.cpp
d:\문서\c\소수전공 과제\소수전공 과제\전투 시뮬레이션.cpp(29): error C2228: '.hp' 왼쪽에는 클래스/구조체/공용 구조체가 있어야 합니다.
  d:\문서\c\소수전공 과제\소수전공 과제\전투 시뮬레이션.cpp(29): note: 'Player *' 형식입니다.
  d:\문서\c\소수전공 과제\소수전공 과제\전투 시뮬레이션.cpp(29): note: 대신 '->'을(를) 사용하려고 했습니까?
d:\문서\c\소수전공 과제\소수전공 과제\전투 시뮬레이션.cpp(30): error C2027: 정의되지 않은 형식 'Player'을(를) 사용했습니다.
  d:\문서\c\소수전공 과제\소수전공 과제\전투 시뮬레이션.cpp(5): note: 'Player' 선언을 참조하십시오.
d:\문서\c\소수전공 과제\소수전공 과제\전투 시뮬레이션.cpp(30): error C2227: '->hp' 왼쪽은 클래스/구조체/공용 구조체/제네릭 형식을 가리켜야 합니다.
d:\문서\c\소수전공 과제\소수전공 과제\전투 시뮬레이션.cpp(33): error C2027: 정의되지 않은 형식 'Player'을(를) 사용했습니다.
  d:\문서\c\소수전공 과제\소수전공 과제\전투 시뮬레이션.cpp(5): note: 'Player' 선언을 참조하십시오.
d:\문서\c\소수전공 과제\소수전공 과제\전투 시뮬레이션.cpp(33): error C2227: '->hp' 왼쪽은 클래스/구조체/공용 구조체/제네릭 형식을 가리켜야 합니다.
d:\문서\c\소수전공 과제\소수전공 과제\전투 시뮬레이션.cpp(35): error C2027: 정의되지 않은 형식 'Player'을(를) 사용했습니다.
  d:\문서\c\소수전공 과제\소수전공 과제\전투 시뮬레이션.cpp(5): note: 'Player' 선언을 참조하십시오.
d:\문서\c\소수전공 과제\소수전공 과제\전투 시뮬레이션.cpp(35): error C2227: '->name' 왼쪽은 클래스/구조체/공용 구조체/제네릭 형식을 가리켜야 합니다.
d:\문서\c\소수전공 과제\소수전공 과제\전투 시뮬레이션.cpp(35): error C2227: '->hp' 왼쪽은 클래스/구조체/공용 구조체/제네릭 형식을 가리켜야 합니다.
d:\문서\c\소수전공 과제\소수전공 과제\전투 시뮬레이션.cpp(36): error C2027: 정의되지 않은 형식 'Player'을(를) 사용했습니다.
  d:\문서\c\소수전공 과제\소수전공 과제\전투 시뮬레이션.cpp(5): note: 'Player' 선언을 참조하십시오.
d:\문서\c\소수전공 과제\소수전공 과제\전투 시뮬레이션.cpp(36): error C2227: '->hp' 왼쪽은 클래스/구조체/공용 구조체/제네릭 형식을 가리켜야 합니다.
d:\문서\c\소수전공 과제\소수전공 과제\전투 시뮬레이션.cpp(37): error C2027: 정의되지 않은 형식 'Player'을(를) 사용했습니다.
  d:\문서\c\소수전공 과제\소수전공 과제\전투 시뮬레이션.cpp(5): note: 'Player' 선언을 참조하십시오.
d:\문서\c\소수전공 과제\소수전공 과제\전투 시뮬레이션.cpp(37): error C2227: '->name' 왼쪽은 클래스/구조체/공용 구조체/제네릭 형식을 가리켜야 합니다.
